  CrudAluno.cpp
C:\Users\u21251\Documents\GitHub\CrudAluno_TrabalhoTopicosFinal\CrudAluno.cpp(117,39): warning C4267: 'inicializando': conversão de 'size_t' para 'int', possível perda de dados
C:\Users\u21251\Documents\GitHub\CrudAluno_TrabalhoTopicosFinal\CrudAluno.cpp(120,35): warning C4311: 'conversão de tipo': truncamento de ponteiro de 'char *' para 'int'
C:\Users\u21251\Documents\GitHub\CrudAluno_TrabalhoTopicosFinal\CrudAluno.cpp(120,35): warning C4302: 'conversão de tipo': truncamento de 'char *' para 'int'
C:\Users\u21251\Documents\GitHub\CrudAluno_TrabalhoTopicosFinal\CrudAluno.cpp(125,57): warning C4267: 'inicializando': conversão de 'size_t' para 'int', possível perda de dados
C:\Users\u21251\Documents\GitHub\CrudAluno_TrabalhoTopicosFinal\CrudAluno.cpp(130,57): warning C4267: 'inicializando': conversão de 'size_t' para 'int', possível perda de dados
C:\Users\u21251\Documents\GitHub\CrudAluno_TrabalhoTopicosFinal\CrudAluno.cpp(133,53): warning C4311: 'conversão de tipo': truncamento de ponteiro de 'char *' para 'int'
C:\Users\u21251\Documents\GitHub\CrudAluno_TrabalhoTopicosFinal\CrudAluno.cpp(133,53): warning C4302: 'conversão de tipo': truncamento de 'char *' para 'int'
C:\Users\u21251\Documents\GitHub\CrudAluno_TrabalhoTopicosFinal\CrudAluno.cpp(161,43): warning C4267: 'inicializando': conversão de 'size_t' para 'int', possível perda de dados
C:\Users\u21251\Documents\GitHub\CrudAluno_TrabalhoTopicosFinal\CrudAluno.cpp(164,39): warning C4311: 'conversão de tipo': truncamento de ponteiro de 'char *' para 'int'
C:\Users\u21251\Documents\GitHub\CrudAluno_TrabalhoTopicosFinal\CrudAluno.cpp(164,39): warning C4302: 'conversão de tipo': truncamento de 'char *' para 'int'
C:\Users\u21251\Documents\GitHub\CrudAluno_TrabalhoTopicosFinal\CrudAluno.cpp(171,57): warning C4267: 'inicializando': conversão de 'size_t' para 'int', possível perda de dados
C:\Users\u21251\Documents\GitHub\CrudAluno_TrabalhoTopicosFinal\CrudAluno.cpp(174,53): warning C4311: 'conversão de tipo': truncamento de ponteiro de 'char *' para 'int'
C:\Users\u21251\Documents\GitHub\CrudAluno_TrabalhoTopicosFinal\CrudAluno.cpp(174,53): warning C4302: 'conversão de tipo': truncamento de 'char *' para 'int'
C:\Users\u21251\Documents\GitHub\CrudAluno_TrabalhoTopicosFinal\CrudAluno.cpp(230,39): warning C4267: 'inicializando': conversão de 'size_t' para 'int', possível perda de dados
C:\Users\u21251\Documents\GitHub\CrudAluno_TrabalhoTopicosFinal\CrudAluno.cpp(233,20): warning C4311: 'conversão de tipo': truncamento de ponteiro de 'char *' para 'int'
C:\Users\u21251\Documents\GitHub\CrudAluno_TrabalhoTopicosFinal\CrudAluno.cpp(233,20): warning C4302: 'conversão de tipo': truncamento de 'char *' para 'int'
C:\Users\u21251\Documents\GitHub\CrudAluno_TrabalhoTopicosFinal\CrudAluno.cpp(237,48): warning C4311: 'conversão de tipo': truncamento de ponteiro de 'char *' para 'int'
C:\Users\u21251\Documents\GitHub\CrudAluno_TrabalhoTopicosFinal\CrudAluno.cpp(237,48): warning C4302: 'conversão de tipo': truncamento de 'char *' para 'int'
C:\Users\u21251\Documents\GitHub\CrudAluno_TrabalhoTopicosFinal\CrudAluno.cpp(241,48): warning C4311: 'conversão de tipo': truncamento de ponteiro de 'char *' para 'int'
C:\Users\u21251\Documents\GitHub\CrudAluno_TrabalhoTopicosFinal\CrudAluno.cpp(241,48): warning C4302: 'conversão de tipo': truncamento de 'char *' para 'int'
C:\Users\u21251\Documents\GitHub\CrudAluno_TrabalhoTopicosFinal\CrudAluno.cpp(68): warning C4715: 'buscaAlunoRa': nem todos os caminhos de controle retornam um valor
  crudAluno.cpp.vcxproj -> C:\Users\u21251\Documents\GitHub\CrudAluno_TrabalhoTopicosFinal\x64\Debug\crudAluno.cpp.exe
